2026-07-03 18:14:50 - INFO - CLI invoked with args: {'symbol': 'BTCUSDT', 'side': 'BUY', 'order_type': 'MARKET', 'quantity': 0.01, 'price': None}
2026-07-03 18:16:57 - INFO - CLI invoked with args: {'symbol': 'BTCUSDT', 'side': 'BUY', 'order_type': 'MARKET', 'quantity': 0.01, 'price': None}
2026-07-03 18:21:09 - INFO - CLI invoked with args: {'symbol': 'BTCUSDT', 'side': 'BUY', 'order_type': 'MARKET', 'quantity': 0.01, 'price': None}
2026-07-03 18:22:22 - INFO - CLI invoked with args: {'symbol': 'BTCUSDT', 'side': 'BUY', 'order_type': 'MARKET', 'quantity': 0.01, 'price': None}
2026-07-03 18:25:08 - INFO - CLI invoked with args: {'symbol': 'BTCUSDT', 'side': 'BUY', 'order_type': 'MARKET', 'quantity': 0.01, 'price': None}
2026-07-04 06:10:59 - INFO - CLI invoked with args: {'symbol': 'BTCUSDT', 'side': 'BUY', 'order_type': 'MARKET', 'quantity': 0.01, 'price': None}
2026-07-04 06:10:59 - INFO - Validated order request: {'symbol': 'BTCUSDT', 'side': 'BUY', 'type': 'MARKET', 'quantity': 0.01, 'price': 'N/A (MARKET)'}
2026-07-04 06:10:59 - INFO - Binance Futures Testnet client initialized successfully
2026-07-04 06:10:59 - INFO - Sending order request: {'symbol': 'BTCUSDT', 'side': 'BUY', 'type': 'MARKET', 'quantity': 0.01}
2026-07-04 06:11:00 - INFO - Order response received: {'orderId': 18834324614, 'symbol': 'BTCUSDT', 'status': 'NEW', 'clientOrderId': 'x-Cb7ytekJba6230c1251e606f9dbcde', 'price': '0.00', 'origQty': '0.0100', 'executedQty': '0.0000', 'cumQty': '0.0000', 'timeInForce': 'GTC', 'type': 'MARKET', 'reduceOnly': False, 'closePosition': False, 'side': 'BUY', 'positionSide': 'BOTH', 'stopPrice': '0.00', 'workingType': 'CONTRACT_PRICE', 'priceProtect': False, 'origType': 'MARKET', 'priceMatch': 'NONE', 'selfTradePreventionMode': 'EXPIRE_MAKER', 'goodTillDate': 0, 'updateTime': 1783125660393}
2026-07-04 06:11:56 - INFO - CLI invoked with args: {'symbol': 'BTCUSDT', 'side': 'SELL', 'order_type': 'LIMIT', 'quantity': 0.01, 'price': 60000.0}
2026-07-04 06:11:56 - INFO - Validated order request: {'symbol': 'BTCUSDT', 'side': 'SELL', 'type': 'LIMIT', 'quantity': 0.01, 'price': 60000.0}
2026-07-04 06:11:56 - INFO - Binance Futures Testnet client initialized successfully
2026-07-04 06:11:56 - INFO - Sending order request: {'symbol': 'BTCUSDT', 'side': 'SELL', 'type': 'LIMIT', 'quantity': 0.01, 'price': 60000.0, 'timeInForce': 'GTC'}
2026-07-04 06:11:56 - INFO - Order response received: {'orderId': 18834460894, 'symbol': 'BTCUSDT', 'status': 'NEW', 'clientOrderId': 'x-Cb7ytekJe2c3985a14a3b2dc021744', 'price': '60000.00', 'origQty': '0.0100', 'executedQty': '0.0000', 'cumQty': '0.0000', 'timeInForce': 'GTC', 'type': 'LIMIT', 'reduceOnly': False, 'closePosition': False, 'side': 'SELL', 'positionSide': 'BOTH', 'stopPrice': '0.00', 'workingType': 'CONTRACT_PRICE', 'priceProtect': False, 'origType': 'LIMIT', 'priceMatch': 'NONE', 'selfTradePreventionMode': 'EXPIRE_MAKER', 'goodTillDate': 0, 'updateTime': 1783125716588}
2026-07-04 06:32:40 - INFO - CLI invoked with args: {'symbol': 'BTCUSDT', 'side': 'SELL', 'order_type': 'STOP', 'quantity': 0.01, 'price': 58000.0, 'stop_price': 58500.0}
2026-07-04 06:32:40 - INFO - Validated order request: {'symbol': 'BTCUSDT', 'side': 'SELL', 'type': 'STOP', 'quantity': 0.01, 'price': 58000.0, 'stop_price': 58500.0}
2026-07-04 06:32:41 - INFO - Binance Futures Testnet client initialized successfully
2026-07-04 06:32:41 - INFO - Sending order request: {'symbol': 'BTCUSDT', 'side': 'SELL', 'type': 'STOP', 'quantity': 0.01, 'price': 58000.0, 'stopPrice': 58500.0, 'timeInForce': 'GTC'}
2026-07-04 06:32:41 - INFO - Order response received: {'algoId': 1000000124567929, 'clientAlgoId': 'x-Cb7ytekJ86641e90e1494512fc18ee', 'algoType': 'CONDITIONAL', 'orderType': 'STOP', 'symbol': 'BTCUSDT', 'side': 'SELL', 'positionSide': 'BOTH', 'timeInForce': 'GTC', 'quantity': '0.0100', 'algoStatus': 'NEW', 'triggerPrice': '58500.00', 'price': '58000.00', 'icebergQuantity': None, 'selfTradePreventionMode': 'EXPIRE_MAKER', 'workingType': 'CONTRACT_PRICE', 'priceMatch': 'NONE', 'closePosition': False, 'priceProtect': False, 'reduceOnly': False, 'createTime': 1783126961644, 'updateTime': 1783126961648, 'triggerTime': 0, 'goodTillDate': 0}
2026-07-04 06:33:44 - INFO - CLI invoked with args: {'symbol': 'BTCUSDT', 'side': 'SELL', 'order_type': 'STOP', 'quantity': 0.01, 'price': 58000.0, 'stop_price': 58500.0}
2026-07-04 06:33:44 - INFO - Validated order request: {'symbol': 'BTCUSDT', 'side': 'SELL', 'type': 'STOP', 'quantity': 0.01, 'price': 58000.0, 'stop_price': 58500.0}
2026-07-04 06:33:45 - INFO - Binance Futures Testnet client initialized successfully
2026-07-04 06:33:45 - INFO - Sending order request: {'symbol': 'BTCUSDT', 'side': 'SELL', 'type': 'STOP', 'quantity': 0.01, 'price': 58000.0, 'stopPrice': 58500.0, 'timeInForce': 'GTC'}
2026-07-04 06:33:46 - INFO - Order response received: {'algoId': 1000000124570129, 'clientAlgoId': 'x-Cb7ytekJ3dc5488fd7ed2fa9aa5c21', 'algoType': 'CONDITIONAL', 'orderType': 'STOP', 'symbol': 'BTCUSDT', 'side': 'SELL', 'positionSide': 'BOTH', 'timeInForce': 'GTC', 'quantity': '0.0100', 'algoStatus': 'NEW', 'triggerPrice': '58500.00', 'price': '58000.00', 'icebergQuantity': None, 'selfTradePreventionMode': 'EXPIRE_MAKER', 'workingType': 'CONTRACT_PRICE', 'priceMatch': 'NONE', 'closePosition': False, 'priceProtect': False, 'reduceOnly': False, 'createTime': 1783127026078, 'updateTime': 1783127026079, 'triggerTime': 0, 'goodTillDate': 0}
